<?xml version="1.0" encoding="UTF-8"?>
<testsuite name="testClean.CRUDProjectTest" tests="1" skipped="0" failures="0" errors="0" timestamp="2021-08-08T00:35:01" hostname="DESKTOP-2G4RE7M" time="2.84">
  <properties/>
  <testcase name="verifyCRUDforProject" classname="testClean.CRUDProjectTest" time="2.84"/>
  <system-out><![CDATA[********
ConfigEnv.host: http://todo.ly
ConfigEnv.user: ucb@ucb2021.com
ConfigEnv.password: 12345
********
Request method:	POST
Request URI:	http://todo.ly/api/projects.json
Proxy:			<none>
Request params:	<none>
Query params:	<none>
Form params:	<none>
Path params:	<none>
Headers:		Authorization=Basic dWNiQHVjYjIwMjEuY29tOjEyMzQ1
				Accept=*/*
				Content-Type=text/plain; charset=ISO-8859-1
Cookies:		<none>
Multiparts:		<none>
Body:
{"Content":"Eynar","Icon":4}
HTTP/1.1 200 OK
Cache-Control: no-cache, no-store, must-revalidate
Pragma: no-cache
Content-Type: application/json; charset=utf-8
Expires: -1
Server: Microsoft-IIS/8.0
Set-Cookie: ASP.NET_SessionId=3loonqipg1crdq4dbhnaypnr; path=/; HttpOnly; SameSite=Lax
X-AspNetMvc-Version: 2.0
X-AspNet-Version: 4.0.30319
X-Powered-By: ASP.NET
Date: Sun, 08 Aug 2021 00:34:55 GMT
Content-Length: 395

{
    "Id": 3942162,
    "Content": "Eynar",
    "ItemsCount": 0,
    "Icon": 4,
    "ItemType": 2,
    "ParentId": null,
    "Collapsed": false,
    "ItemOrder": 371,
    "Children": [
        
    ],
    "IsProjectShared": false,
    "ProjectShareOwnerName": null,
    "ProjectShareOwnerEmail": null,
    "IsShareApproved": false,
    "IsOwnProject": true,
    "LastSyncedDateTime": "/Date(1628382895737)/",
    "LastUpdatedDate": "/Date(1628382895737)/",
    "Deleted": false,
    "SyncClientCreationId": null
}
Request method:	PUT
Request URI:	http://todo.ly/api/projects/3942162.json
Proxy:			<none>
Request params:	<none>
Query params:	<none>
Form params:	<none>
Path params:	<none>
Headers:		Authorization=Basic dWNiQHVjYjIwMjEuY29tOjEyMzQ1
				Accept=*/*
				Content-Type=text/plain; charset=ISO-8859-1
Cookies:		<none>
Multiparts:		<none>
Body:
{"Content":"Eynar","Icon":4}
HTTP/1.1 200 OK
Cache-Control: no-cache, no-store, must-revalidate
Pragma: no-cache
Content-Type: application/json; charset=utf-8
Expires: -1
Server: Microsoft-IIS/8.0
Set-Cookie: ASP.NET_SessionId=svhsgm1gxccwckf2zax3my14; path=/; HttpOnly; SameSite=Lax
X-AspNetMvc-Version: 2.0
X-AspNet-Version: 4.0.30319
X-Powered-By: ASP.NET
Date: Sun, 08 Aug 2021 00:34:55 GMT
Content-Length: 395

{
    "Id": 3942162,
    "Content": "Eynar",
    "ItemsCount": 0,
    "Icon": 4,
    "ItemType": 2,
    "ParentId": null,
    "Collapsed": false,
    "ItemOrder": 371,
    "Children": [
        
    ],
    "IsProjectShared": false,
    "ProjectShareOwnerName": null,
    "ProjectShareOwnerEmail": null,
    "IsShareApproved": false,
    "IsOwnProject": true,
    "LastSyncedDateTime": "/Date(1628382896345)/",
    "LastUpdatedDate": "/Date(1628382895737)/",
    "Deleted": false,
    "SyncClientCreationId": null
}
Request method:	GET
Request URI:	http://todo.ly/api/projects/3942162.json
Proxy:			<none>
Request params:	<none>
Query params:	<none>
Form params:	<none>
Path params:	<none>
Headers:		Authorization=Basic dWNiQHVjYjIwMjEuY29tOjEyMzQ1
				Accept=*/*
Cookies:		<none>
Multiparts:		<none>
Body:			<none>
HTTP/1.1 200 OK
Cache-Control: no-cache, no-store, must-revalidate
Pragma: no-cache
Content-Type: application/json; charset=utf-8
Expires: -1
Server: Microsoft-IIS/8.0
Set-Cookie: ASP.NET_SessionId=hh21jcqdj1wlne0wedy3uwva; path=/; HttpOnly; SameSite=Lax
X-AspNetMvc-Version: 2.0
X-AspNet-Version: 4.0.30319
X-Powered-By: ASP.NET
Date: Sun, 08 Aug 2021 00:34:56 GMT
Content-Length: 395

{
    "Id": 3942162,
    "Content": "Eynar",
    "ItemsCount": 0,
    "Icon": 4,
    "ItemType": 2,
    "ParentId": null,
    "Collapsed": false,
    "ItemOrder": 371,
    "Children": [
        
    ],
    "IsProjectShared": false,
    "ProjectShareOwnerName": null,
    "ProjectShareOwnerEmail": null,
    "IsShareApproved": false,
    "IsOwnProject": true,
    "LastSyncedDateTime": "/Date(1628382897234)/",
    "LastUpdatedDate": "/Date(1628382895737)/",
    "Deleted": false,
    "SyncClientCreationId": null
}
Request method:	DELETE
Request URI:	http://todo.ly/api/projects/3942162.json
Proxy:			<none>
Request params:	<none>
Query params:	<none>
Form params:	<none>
Path params:	<none>
Headers:		Authorization=Basic dWNiQHVjYjIwMjEuY29tOjEyMzQ1
				Accept=*/*
Cookies:		<none>
Multiparts:		<none>
Body:			<none>
HTTP/1.1 200 OK
Cache-Control: no-cache, no-store, must-revalidate
Pragma: no-cache
Content-Type: application/json; charset=utf-8
Expires: -1
Server: Microsoft-IIS/8.0
Set-Cookie: ASP.NET_SessionId=2mhxh3daon5mdpotxsjh2dmc; path=/; HttpOnly; SameSite=Lax
X-AspNetMvc-Version: 2.0
X-AspNet-Version: 4.0.30319
X-Powered-By: ASP.NET
Date: Sun, 08 Aug 2021 00:34:57 GMT
Content-Length: 394

{
    "Id": 3942162,
    "Content": "Eynar",
    "ItemsCount": 0,
    "Icon": 4,
    "ItemType": 2,
    "ParentId": null,
    "Collapsed": false,
    "ItemOrder": 371,
    "Children": [
        
    ],
    "IsProjectShared": false,
    "ProjectShareOwnerName": null,
    "ProjectShareOwnerEmail": null,
    "IsShareApproved": false,
    "IsOwnProject": true,
    "LastSyncedDateTime": "/Date(1628382897858)/",
    "LastUpdatedDate": "/Date(1628382897860)/",
    "Deleted": true,
    "SyncClientCreationId": null
}
]]></system-out>
  <system-err><![CDATA[]]></system-err>
</testsuite>
