<?xml version="1.0" encoding="UTF-8"?>
<testsuite name="basicTest.RestAssuredBody" tests="3" skipped="0" failures="0" errors="0" timestamp="2021-08-08T00:33:38" hostname="DESKTOP-2G4RE7M" time="56.35">
  <properties/>
  <testcase name="createProjectString" classname="basicTest.RestAssuredBody" time="54.673"/>
  <testcase name="createProjectJSONObject" classname="basicTest.RestAssuredBody" time="0.799"/>
  <testcase name="createProjectExternalFile" classname="basicTest.RestAssuredBody" time="0.877"/>
  <system-out><![CDATA[Request method:	POST
Request URI:	http://todo.ly/api/projects.json
Proxy:			<none>
Request params:	<none>
Query params:	<none>
Form params:	<none>
Path params:	<none>
Headers:		Authorization=Basic dWNiQHVjYjIwMjEuY29tOjEyMzQ1
				Accept=*/*
				Content-Type=text/plain; charset=ISO-8859-1
Cookies:		<none>
Multiparts:		<none>
Body:
{
  "Content":"UCB_EynarREST",
  "Icon":"5"
}
HTTP/1.1 200 OK
Cache-Control: no-cache, no-store, must-revalidate
Pragma: no-cache
Content-Type: application/json; charset=utf-8
Expires: -1
Server: Microsoft-IIS/8.0
Set-Cookie: ASP.NET_SessionId=nmhtre2aeltnnfwyzxnfrhmc; path=/; HttpOnly; SameSite=Lax
X-AspNetMvc-Version: 2.0
X-AspNet-Version: 4.0.30319
X-Powered-By: ASP.NET
Date: Sun, 08 Aug 2021 00:34:25 GMT
Content-Length: 403

{
    "Id": 3942153,
    "Content": "UCB_EynarREST",
    "ItemsCount": 0,
    "Icon": 5,
    "ItemType": 2,
    "ParentId": null,
    "Collapsed": false,
    "ItemOrder": 362,
    "Children": [
        
    ],
    "IsProjectShared": false,
    "ProjectShareOwnerName": null,
    "ProjectShareOwnerEmail": null,
    "IsShareApproved": false,
    "IsOwnProject": true,
    "LastSyncedDateTime": "/Date(1628382865395)/",
    "LastUpdatedDate": "/Date(1628382865380)/",
    "Deleted": false,
    "SyncClientCreationId": null
}
Request method:	POST
Request URI:	http://todo.ly/api/projects.json
Proxy:			<none>
Request params:	<none>
Query params:	<none>
Form params:	<none>
Path params:	<none>
Headers:		Authorization=Basic dWNiQHVjYjIwMjEuY29tOjEyMzQ1
				Accept=*/*
				Content-Type=text/plain; charset=ISO-8859-1
Cookies:		<none>
Multiparts:		<none>
Body:
{"Content":"EynarJSONObject","Icon":4}
HTTP/1.1 200 OK
Cache-Control: no-cache, no-store, must-revalidate
Pragma: no-cache
Content-Type: application/json; charset=utf-8
Expires: -1
Server: Microsoft-IIS/8.0
Set-Cookie: ASP.NET_SessionId=mq3cw5ubcfk40ptvpg2zrpko; path=/; HttpOnly; SameSite=Lax
X-AspNetMvc-Version: 2.0
X-AspNet-Version: 4.0.30319
X-Powered-By: ASP.NET
Date: Sun, 08 Aug 2021 00:34:26 GMT
Content-Length: 405

{
    "Id": 3942154,
    "Content": "EynarJSONObject",
    "ItemsCount": 0,
    "Icon": 4,
    "ItemType": 2,
    "ParentId": null,
    "Collapsed": false,
    "ItemOrder": 363,
    "Children": [
        
    ],
    "IsProjectShared": false,
    "ProjectShareOwnerName": null,
    "ProjectShareOwnerEmail": null,
    "IsShareApproved": false,
    "IsOwnProject": true,
    "LastSyncedDateTime": "/Date(1628382867470)/",
    "LastUpdatedDate": "/Date(1628382867440)/",
    "Deleted": false,
    "SyncClientCreationId": null
}
Request method:	POST
Request URI:	http://todo.ly/api/projects.json
Proxy:			<none>
Request params:	<none>
Query params:	<none>
Form params:	<none>
Path params:	<none>
Headers:		Authorization=Basic dWNiQHVjYjIwMjEuY29tOjEyMzQ1
				Accept=*/*
				Content-Type=text/plain; charset=ISO-8859-1
Cookies:		<none>
Multiparts:		<none>
Body:
E:\Diplomado de testing de software\material\ucb_rest_api\src\test\resources\projectBody.json
HTTP/1.1 200 OK
Cache-Control: no-cache, no-store, must-revalidate
Pragma: no-cache
Content-Type: application/json; charset=utf-8
Expires: -1
Server: Microsoft-IIS/8.0
Set-Cookie: ASP.NET_SessionId=axewlfjrarhprl2uu0p4yk2g; path=/; HttpOnly; SameSite=Lax
X-AspNetMvc-Version: 2.0
X-AspNet-Version: 4.0.30319
X-Powered-By: ASP.NET
Date: Sun, 08 Aug 2021 00:34:27 GMT
Content-Length: 404

{
    "Id": 3942155,
    "Content": "UCB_Eynar_File",
    "ItemsCount": 0,
    "Icon": 5,
    "ItemType": 2,
    "ParentId": null,
    "Collapsed": false,
    "ItemOrder": 364,
    "Children": [
        
    ],
    "IsProjectShared": false,
    "ProjectShareOwnerName": null,
    "ProjectShareOwnerEmail": null,
    "IsShareApproved": false,
    "IsOwnProject": true,
    "LastSyncedDateTime": "/Date(1628382868391)/",
    "LastUpdatedDate": "/Date(1628382868360)/",
    "Deleted": false,
    "SyncClientCreationId": null
}
]]></system-out>
  <system-err><![CDATA[]]></system-err>
</testsuite>
