<?xml version="1.0" encoding="UTF-8"?>
<testsuite name="basicTest.RestAssuredBasic" tests="2" skipped="0" failures="0" errors="0" timestamp="2021-08-08T00:34:48" hostname="DESKTOP-2G4RE7M" time="1.049">
  <properties/>
  <testcase name="createProject2" classname="basicTest.RestAssuredBasic" time="0.553"/>
  <testcase name="createProject" classname="basicTest.RestAssuredBasic" time="0.495"/>
  <system-out><![CDATA[Request method:	POST
Request URI:	http://todo.ly/api/projects.json
Proxy:			<none>
Request params:	<none>
Query params:	<none>
Form params:	<none>
Path params:	<none>
Headers:		Authorization=Basic dWNiQHVjYjIwMjEuY29tOjEyMzQ1
				Accept=*/*
				Content-Type=text/plain; charset=ISO-8859-1
Cookies:		<none>
Multiparts:		<none>
Body:
{
  "Content":"UCB_EynarREST",
  "Icon":"5"
}
HTTP/1.1 200 OK
Cache-Control: no-cache, no-store, must-revalidate
Pragma: no-cache
Content-Type: application/json; charset=utf-8
Expires: -1
Server: Microsoft-IIS/8.0
Set-Cookie: ASP.NET_SessionId=fvebwlg0rw3bg2ugh0w3x4jz; path=/; HttpOnly; SameSite=Lax
X-AspNetMvc-Version: 2.0
X-AspNet-Version: 4.0.30319
X-Powered-By: ASP.NET
Date: Sun, 08 Aug 2021 00:34:42 GMT
Content-Length: 403

{
    "Id": 3942157,
    "Content": "UCB_EynarREST",
    "ItemsCount": 0,
    "Icon": 5,
    "ItemType": 2,
    "ParentId": null,
    "Collapsed": false,
    "ItemOrder": 366,
    "Children": [
        
    ],
    "IsProjectShared": false,
    "ProjectShareOwnerName": null,
    "ProjectShareOwnerEmail": null,
    "IsShareApproved": false,
    "IsOwnProject": true,
    "LastSyncedDateTime": "/Date(1628382882227)/",
    "LastUpdatedDate": "/Date(1628382882227)/",
    "Deleted": false,
    "SyncClientCreationId": null
}
Request method:	POST
Request URI:	http://todo.ly/api/projects.json
Proxy:			<none>
Request params:	<none>
Query params:	<none>
Form params:	<none>
Path params:	<none>
Headers:		Authorization=Basic dWNiQHVjYjIwMjEuY29tOjEyMzQ1
				Accept=*/*
				Content-Type=text/plain; charset=ISO-8859-1
Cookies:		<none>
Multiparts:		<none>
Body:
{
  "Content":"UCB_Eynar",
  "Icon":"5"
}
HTTP/1.1 200 OK
Cache-Control: no-cache, no-store, must-revalidate
Pragma: no-cache
Content-Type: application/json; charset=utf-8
Expires: -1
Server: Microsoft-IIS/8.0
Set-Cookie: ASP.NET_SessionId=1hipfnbw3i1jf1xa4qwpy55d; path=/; HttpOnly; SameSite=Lax
X-AspNetMvc-Version: 2.0
X-AspNet-Version: 4.0.30319
X-Powered-By: ASP.NET
Date: Sun, 08 Aug 2021 00:34:42 GMT
Content-Length: 399

{
    "Id": 3942158,
    "Content": "UCB_Eynar",
    "ItemsCount": 0,
    "Icon": 5,
    "ItemType": 2,
    "ParentId": null,
    "Collapsed": false,
    "ItemOrder": 367,
    "Children": [
        
    ],
    "IsProjectShared": false,
    "ProjectShareOwnerName": null,
    "ProjectShareOwnerEmail": null,
    "IsShareApproved": false,
    "IsOwnProject": true,
    "LastSyncedDateTime": "/Date(1628382882742)/",
    "LastUpdatedDate": "/Date(1628382882743)/",
    "Deleted": false,
    "SyncClientCreationId": null
}
]]></system-out>
  <system-err><![CDATA[]]></system-err>
</testsuite>
