<?xml version="1.0" encoding="UTF-8"?>
<testsuite name="basicTest.CRUDProjectTest" tests="1" skipped="0" failures="0" errors="0" timestamp="2021-08-08T00:34:35" hostname="DESKTOP-2G4RE7M" time="12.92">
  <properties/>
  <testcase name="crudProjectRestApi" classname="basicTest.CRUDProjectTest" time="12.92"/>
  <system-out><![CDATA[Request method:	POST
Request URI:	http://todo.ly/api/projects.json
Proxy:			<none>
Request params:	<none>
Query params:	<none>
Form params:	<none>
Path params:	<none>
Headers:		Authorization=Basic dWNiQHVjYjIwMjEuY29tOjEyMzQ1
				Accept=*/*
				Content-Type=text/plain; charset=ISO-8859-1
Cookies:		<none>
Multiparts:		<none>
Body:
{"Content":"EynaCRUD","Icon":1}
HTTP/1.1 200 OK
Cache-Control: no-cache, no-store, must-revalidate
Pragma: no-cache
Content-Type: application/json; charset=utf-8
Expires: -1
Server: Microsoft-IIS/8.0
Set-Cookie: ASP.NET_SessionId=t2corjkeuigfqdwj3s0jumrf; path=/; HttpOnly; SameSite=Lax
X-AspNetMvc-Version: 2.0
X-AspNet-Version: 4.0.30319
X-Powered-By: ASP.NET
Date: Sun, 08 Aug 2021 00:34:29 GMT
Content-Length: 398

{
    "Id": 3942156,
    "Content": "EynaCRUD",
    "ItemsCount": 0,
    "Icon": 1,
    "ItemType": 2,
    "ParentId": null,
    "Collapsed": false,
    "ItemOrder": 365,
    "Children": [
        
    ],
    "IsProjectShared": false,
    "ProjectShareOwnerName": null,
    "ProjectShareOwnerEmail": null,
    "IsShareApproved": false,
    "IsOwnProject": true,
    "LastSyncedDateTime": "/Date(1628382869202)/",
    "LastUpdatedDate": "/Date(1628382869203)/",
    "Deleted": false,
    "SyncClientCreationId": null
}
Request method:	PUT
Request URI:	http://todo.ly/api/projects/3942156.json
Proxy:			<none>
Request params:	<none>
Query params:	<none>
Form params:	<none>
Path params:	<none>
Headers:		Authorization=Basic dWNiQHVjYjIwMjEuY29tOjEyMzQ1
				Accept=*/*
				Content-Type=text/plain; charset=ISO-8859-1
Cookies:		<none>
Multiparts:		<none>
Body:
{"Content":"EynarCRUDUpdate","Icon":4}
HTTP/1.1 200 OK
Cache-Control: no-cache, no-store, must-revalidate
Pragma: no-cache
Content-Type: application/json; charset=utf-8
Expires: -1
Server: Microsoft-IIS/8.0
Set-Cookie: ASP.NET_SessionId=cfodnb2mhs5v1dvab1ju0cis; path=/; HttpOnly; SameSite=Lax
X-AspNetMvc-Version: 2.0
X-AspNet-Version: 4.0.30319
X-Powered-By: ASP.NET
Date: Sun, 08 Aug 2021 00:34:38 GMT
Content-Length: 405

{
    "Id": 3942156,
    "Content": "EynarCRUDUpdate",
    "ItemsCount": 0,
    "Icon": 4,
    "ItemType": 2,
    "ParentId": null,
    "Collapsed": false,
    "ItemOrder": 365,
    "Children": [
        
    ],
    "IsProjectShared": false,
    "ProjectShareOwnerName": null,
    "ProjectShareOwnerEmail": null,
    "IsShareApproved": false,
    "IsOwnProject": true,
    "LastSyncedDateTime": "/Date(1628382879747)/",
    "LastUpdatedDate": "/Date(1628382879747)/",
    "Deleted": false,
    "SyncClientCreationId": null
}
Request method:	GET
Request URI:	http://todo.ly/api/projects/3942156.json
Proxy:			<none>
Request params:	<none>
Query params:	<none>
Form params:	<none>
Path params:	<none>
Headers:		Authorization=Basic dWNiQHVjYjIwMjEuY29tOjEyMzQ1
				Accept=*/*
Cookies:		<none>
Multiparts:		<none>
Body:			<none>
HTTP/1.1 200 OK
Cache-Control: no-cache, no-store, must-revalidate
Pragma: no-cache
Content-Type: application/json; charset=utf-8
Expires: -1
Server: Microsoft-IIS/8.0
Set-Cookie: ASP.NET_SessionId=5qtaxq2jbaqubigayoni4fmv; path=/; HttpOnly; SameSite=Lax
X-AspNetMvc-Version: 2.0
X-AspNet-Version: 4.0.30319
X-Powered-By: ASP.NET
Date: Sun, 08 Aug 2021 00:34:40 GMT
Content-Length: 405

{
    "Id": 3942156,
    "Content": "EynarCRUDUpdate",
    "ItemsCount": 0,
    "Icon": 4,
    "ItemType": 2,
    "ParentId": null,
    "Collapsed": false,
    "ItemOrder": 365,
    "Children": [
        
    ],
    "IsProjectShared": false,
    "ProjectShareOwnerName": null,
    "ProjectShareOwnerEmail": null,
    "IsShareApproved": false,
    "IsOwnProject": true,
    "LastSyncedDateTime": "/Date(1628382880855)/",
    "LastUpdatedDate": "/Date(1628382879747)/",
    "Deleted": false,
    "SyncClientCreationId": null
}
Request method:	DELETE
Request URI:	http://todo.ly/api/projects/3942156.json
Proxy:			<none>
Request params:	<none>
Query params:	<none>
Form params:	<none>
Path params:	<none>
Headers:		Authorization=Basic dWNiQHVjYjIwMjEuY29tOjEyMzQ1
				Accept=*/*
Cookies:		<none>
Multiparts:		<none>
Body:			<none>
HTTP/1.1 200 OK
Cache-Control: no-cache, no-store, must-revalidate
Pragma: no-cache
Content-Type: application/json; charset=utf-8
Expires: -1
Server: Microsoft-IIS/8.0
Set-Cookie: ASP.NET_SessionId=4n0yrobo044mcjw2l5lzpvbx; path=/; HttpOnly; SameSite=Lax
X-AspNetMvc-Version: 2.0
X-AspNet-Version: 4.0.30319
X-Powered-By: ASP.NET
Date: Sun, 08 Aug 2021 00:34:40 GMT
Content-Length: 404

{
    "Id": 3942156,
    "Content": "EynarCRUDUpdate",
    "ItemsCount": 0,
    "Icon": 4,
    "ItemType": 2,
    "ParentId": null,
    "Collapsed": false,
    "ItemOrder": 365,
    "Children": [
        
    ],
    "IsProjectShared": false,
    "ProjectShareOwnerName": null,
    "ProjectShareOwnerEmail": null,
    "IsShareApproved": false,
    "IsOwnProject": true,
    "LastSyncedDateTime": "/Date(1628382881432)/",
    "LastUpdatedDate": "/Date(1628382881433)/",
    "Deleted": true,
    "SyncClientCreationId": null
}
]]></system-out>
  <system-err><![CDATA[]]></system-err>
</testsuite>
