<?xml version="1.0" encoding="UTF-8"?>
<testsuite name="basicTest.RestAssuredExtract" tests="2" skipped="0" failures="0" errors="0" timestamp="2021-08-08T00:34:49" hostname="DESKTOP-2G4RE7M" time="1.154">
  <properties/>
  <testcase name="restAssuredVerification" classname="basicTest.RestAssuredExtract" time="0.578"/>
  <testcase name="restAssuredExtractor" classname="basicTest.RestAssuredExtract" time="0.576"/>
  <system-out><![CDATA[Request method:	POST
Request URI:	http://todo.ly/api/projects.json
Proxy:			<none>
Request params:	<none>
Query params:	<none>
Form params:	<none>
Path params:	<none>
Headers:		Authorization=Basic dWNiQHVjYjIwMjEuY29tOjEyMzQ1
				Accept=*/*
				Content-Type=text/plain; charset=ISO-8859-1
Cookies:		<none>
Multiparts:		<none>
Body:
{"Content":"EynarCheck","Icon":1}
HTTP/1.1 200 OK
Cache-Control: no-cache, no-store, must-revalidate
Pragma: no-cache
Content-Type: application/json; charset=utf-8
Expires: -1
Server: Microsoft-IIS/8.0
Set-Cookie: ASP.NET_SessionId=5qqw0wbom405ly0nrjkhwjni; path=/; HttpOnly; SameSite=Lax
X-AspNetMvc-Version: 2.0
X-AspNet-Version: 4.0.30319
X-Powered-By: ASP.NET
Date: Sun, 08 Aug 2021 00:34:43 GMT
Content-Length: 400

{
    "Id": 3942159,
    "Content": "EynarCheck",
    "ItemsCount": 0,
    "Icon": 1,
    "ItemType": 2,
    "ParentId": null,
    "Collapsed": false,
    "ItemOrder": 368,
    "Children": [
        
    ],
    "IsProjectShared": false,
    "ProjectShareOwnerName": null,
    "ProjectShareOwnerEmail": null,
    "IsShareApproved": false,
    "IsOwnProject": true,
    "LastSyncedDateTime": "/Date(1628382883257)/",
    "LastUpdatedDate": "/Date(1628382883257)/",
    "Deleted": false,
    "SyncClientCreationId": null
}
Request method:	POST
Request URI:	http://todo.ly/api/projects.json
Proxy:			<none>
Request params:	<none>
Query params:	<none>
Form params:	<none>
Path params:	<none>
Headers:		Authorization=Basic dWNiQHVjYjIwMjEuY29tOjEyMzQ1
				Accept=*/*
				Content-Type=text/plain; charset=ISO-8859-1
Cookies:		<none>
Multiparts:		<none>
Body:
{"Content":"EynarCheck","Icon":1}
HTTP/1.1 200 OK
Cache-Control: no-cache, no-store, must-revalidate
Pragma: no-cache
Content-Type: application/json; charset=utf-8
Expires: -1
Server: Microsoft-IIS/8.0
Set-Cookie: ASP.NET_SessionId=akn144kwbpmqul3ysu3hxnv4; path=/; HttpOnly; SameSite=Lax
X-AspNetMvc-Version: 2.0
X-AspNet-Version: 4.0.30319
X-Powered-By: ASP.NET
Date: Sun, 08 Aug 2021 00:34:43 GMT
Content-Length: 400

{
    "Id": 3942160,
    "Content": "EynarCheck",
    "ItemsCount": 0,
    "Icon": 1,
    "ItemType": 2,
    "ParentId": null,
    "Collapsed": false,
    "ItemOrder": 369,
    "Children": [
        
    ],
    "IsProjectShared": false,
    "ProjectShareOwnerName": null,
    "ProjectShareOwnerEmail": null,
    "IsShareApproved": false,
    "IsOwnProject": true,
    "LastSyncedDateTime": "/Date(1628382883819)/",
    "LastUpdatedDate": "/Date(1628382883820)/",
    "Deleted": false,
    "SyncClientCreationId": null
}
****** ID ***** : 3942160
]]></system-out>
  <system-err><![CDATA[]]></system-err>
</testsuite>
